<?xml version="1.0" encoding="UTF-8"?>
<testng-results ignored="0" total="1" passed="1" failed="0" skipped="0">
  <reporter-output>
  </reporter-output>
  <suite started-at="2023-02-05T20:04:44 BDT" name="Default suite" finished-at="2023-02-05T20:04:53 BDT" duration-ms="8996">
    <groups>
    </groups>
    <test started-at="2023-02-05T20:04:44 BDT" name="Default test" finished-at="2023-02-05T20:04:53 BDT" duration-ms="8996">
      <class name="Projects.com.pagelogin.ButtenSubmissionPro">
        <test-method is-config="true" signature="startbrowser()[pri:0, instance:Projects.com.pagelogin.ButtenSubmissionPro@34a3d150]" started-at="2023-02-05T20:04:36 BDT" name="startbrowser" finished-at="2023-02-05T20:04:44 BDT" duration-ms="7780" status="PASS">
          <reporter-output>
          </reporter-output>
        </test-method> <!-- startbrowser -->
        <test-method signature="mainTest()[pri:0, instance:Projects.com.pagelogin.ButtenSubmissionPro@34a3d150]" started-at="2023-02-05T20:04:44 BDT" name="mainTest" finished-at="2023-02-05T20:04:53 BDT" duration-ms="8842" status="PASS">
          <reporter-output>
          </reporter-output>
        </test-method> <!-- mainTest -->
        <test-method is-config="true" signature="closebrowser()[pri:0, instance:Projects.com.pagelogin.ButtenSubmissionPro@34a3d150]" started-at="2023-02-05T20:04:53 BDT" name="closebrowser" finished-at="2023-02-05T20:05:00 BDT" duration-ms="6457" status="PASS">
          <reporter-output>
          </reporter-output>
        </test-method> <!-- closebrowser -->
      </class> <!-- Projects.com.pagelogin.ButtenSubmissionPro -->
    </test> <!-- Default test -->
  </suite> <!-- Default suite -->
</testng-results>
